Requesting games for series Red Ball
Requesting data for game Multiple Red Ball Games
Requesting data for game Red and Blue Balls
Requesting data for game Red and Blue Balls 2
Requesting data for game Red and Blue Balls 3
Requesting data for game Red Ball
Requesting data for game Red Ball 2
Requesting data for game Red Ball 3
Requesting data for game Red Ball 4 (Mobile)
Requesting data for game Red Ball 4 Vol.1
Requesting data for game Red Ball 4 Vol.2
Requesting data for game Red Ball 4 Vol.3
Requesting data for game Red Ball 5
Requesting data for game Red Ball 5 (Beta)
Requesting data for game Red Ball Category Extensions
Getting run batch for game Multiple Red Ball Games and category Full Series on page 1 with leaderboard type 2
Getting run batch for game Multiple Red Ball Games and category Red Ball 1-3 on page 1 with leaderboard type 2
Getting run batch for game Multiple Red Ball Games and category Red Ball 4 on page 1 with leaderboard type 2
Getting run batch for game Multiple Red Ball Games and category Red & Blue Balls 1-3 on page 1 with leaderboard type 1
Getting run batch for game Multiple Red Ball Games and category Full Series Any% Relay on page 1 with leaderboard type 2
Getting run batch for game Multiple Red Ball Games and category Extended Series on page 1 with leaderboard type 2
Getting run batch for game Multiple Red Ball Games and category Extended Series Any% Relay on page 1 with leaderboard type 1
Getting run batch for game Multiple Red Ball Games and category Red Ball 1-3 Any% Relay on page 1 with leaderboard type 1
Getting run batch for game Multiple Red Ball Games and category Red Ball 4 Any% Relay on page 1 with leaderboard type 2
Getting run batch for game Red and Blue Balls and category 15 Levels on page 1 with leaderboard type 2
Getting run batch for game Red and Blue Balls and category 20 Levels on page 1 with leaderboard type 2
Getting run batch for game Red and Blue Balls and category Complete the Level on page 1 with leaderboard type 1
Getting run batch for game Red and Blue Balls 2 and category Any% on page 1 with leaderboard type 2
Getting run batch for game Red and Blue Balls 2 and category Any% on page 1 with leaderboard type 2
Getting run batch for game Red and Blue Balls 3 and category Any% Cave on page 1 with leaderboard type 2
Getting run batch for game Red and Blue Balls 3 and category Any% on page 1 with leaderboard type 2
Getting run batch for game Red and Blue Balls 3 and category Any% on page 1 with leaderboard type 2
Getting run batch for game Red Ball and category 12 Levels on page 1 with leaderboard type 1
Getting run batch for game Red Ball and category 17 Levels on page 1 with leaderboard type 1
Getting run batch for game Red Ball and category Raise the Flag on page 1 with leaderboard type 1
Getting run batch for game Red Ball 2 and category 20 Levels on page 1 with leaderboard type 2
Getting run batch for game Red Ball 2 and category 25 Levels on page 1 with leaderboard type 1
Getting run batch for game Red Ball 2 and category Raise the Flag on page 1 with leaderboard type 2
Getting run batch for game Red Ball 3 and category Any% on page 1 with leaderboard type 2
Getting run batch for game Red Ball 3 and category 100% on page 1 with leaderboard type 2
Getting run batch for game Red Ball 3 and category Any% on page 1 with leaderboard type 1
Getting run batch for game Red Ball 3 and category 100% on page 1 with leaderboard type 1
Getting run batch for game Red Ball 4 (Mobile) and category Any% on page 1 with leaderboard type 1
Getting run batch for game Red Ball 4 (Mobile) and category 100% on page 1 with leaderboard type 2
Getting run batch for game Red Ball 4 (Mobile) and category Speed Challenge on page 1 with leaderboard type 2
Getting run batch for game Red Ball 4 (Mobile) and category Green Hills on page 1 with leaderboard type 1
Getting run batch for game Red Ball 4 (Mobile) and category Any% on page 1 with leaderboard type 1
Getting run batch for game Red Ball 4 (Mobile) and category 100% on page 1 with leaderboard type 2
Getting run batch for game Red Ball 4 (Mobile) and category Green Hills on page 1 with leaderboard type 2
Getting run batch for game Red Ball 4 (Mobile) and category Deep Woods on page 1 with leaderboard type 1
Getting run batch for game Red Ball 4 (Mobile) and category Box Factory on page 1 with leaderboard type 2
Getting run batch for game Red Ball 4 (Mobile) and category Battle for the Moon on page 1 with leaderboard type 1
Getting run batch for game Red Ball 4 (Mobile) and category Into the Caves on page 1 with leaderboard type 2
Getting run batch for game Red Ball 4 (Mobile) and category Glitchless on page 1 with leaderboard type 1
Getting run batch for game Red Ball 4 (Mobile) and category Glitched on page 1 with leaderboard type 1
Getting run batch for game Red Ball 4 Vol.1 and category Any% on page 1 with leaderboard type 1
Getting run batch for game Red Ball 4 Vol.1 and category Any% Glitchless on page 1 with leaderboard type 2
Getting run batch for game Red Ball 4 Vol.1 and category Low% on page 1 with leaderboard type 1
Getting run batch for game Red Ball 4 Vol.1 and category 100% on page 1 with leaderboard type 1
Getting run batch for game Red Ball 4 Vol.1 and category Any% on page 1 with leaderboard type 1
Getting run batch for game Red Ball 4 Vol.1 and category Any% - No Transition on page 1 with leaderboard type 1
Getting run batch for game Red Ball 4 Vol.1 and category Any% Glitchless - Restricted Speed on page 1 with leaderboard type 2
Getting run batch for game Red Ball 4 Vol.1 and category Low% - Restricted Speed on page 1 with leaderboard type 1
Getting run batch for game Red Ball 4 Vol.1 and category Gold Medal - Restricted Speed on page 1 with leaderboard type 1
Getting run batch for game Red Ball 4 Vol.2 and category Any% on page 1 with leaderboard type 1
Getting run batch for game Red Ball 4 Vol.2 and category Any% Glitchless on page 1 with leaderboard type 1
Getting run batch for game Red Ball 4 Vol.2 and category 100% on page 1 with leaderboard type 2
Getting run batch for game Red Ball 4 Vol.2 and category Any% on page 1 with leaderboard type 2
Getting run batch for game Red Ball 4 Vol.2 and category Any% - No Transition on page 1 with leaderboard type 2
Getting run batch for game Red Ball 4 Vol.2 and category Any% Glitchless - Restricted Speed on page 1 with leaderboard type 1
Getting run batch for game Red Ball 4 Vol.2 and category Gold Medal - Restricted Speed on page 1 with leaderboard type 2
Getting run batch for game Red Ball 4 Vol.3 and category Any% on page 1 with leaderboard type 1
Getting run batch for game Red Ball 4 Vol.3 and category Any% Glitchless on page 1 with leaderboard type 2
Getting run batch for game Red Ball 4 Vol.3 and category 100% on page 1 with leaderboard type 2
Getting run batch for game Red Ball 4 Vol.3 and category Any% on page 1 with leaderboard type 1
Getting run batch for game Red Ball 4 Vol.3 and category Any% - No Transition on page 1 with leaderboard type 1
Getting run batch for game Red Ball 4 Vol.3 and category Any% Glitchless - Restricted Speed on page 1 with leaderboard type 1
Getting run batch for game Red Ball 4 Vol.3 and category Gold Medal - Restricted Speed on page 1 with leaderboard type 1
Getting run batch for game Red Ball 5 and category Any% No Level Skip on page 1 with leaderboard type 2
Getting run batch for game Red Ball 5 and category Any% on page 1 with leaderboard type 2
Getting run batch for game Red Ball 5 and category 100% on page 1 with leaderboard type 2
Getting run batch for game Red Ball 5 and category Any% on page 1 with leaderboard type 2
Getting run batch for game Red Ball 5 and category 100% on page 1 with leaderboard type 1
Getting run batch for game Red Ball 5 (Beta) and category Any% on page 1 with leaderboard type 1
Getting run batch for game Red Ball 5 (Beta) and category Any% on page 1 with leaderboard type 1
Getting run batch for game Red Ball Category Extensions and category Red Ball 1 on page 1 with leaderboard type 2
Getting run batch for game Red Ball Category Extensions and category Red Ball 2 on page 1 with leaderboard type 2
Getting run batch for game Red Ball Category Extensions and category Red and Blue Balls on page 1 with leaderboard type 2
Getting run batch for game Red Ball Category Extensions and category Red Ball 3 on page 1 with leaderboard type 1
Getting run batch for game Red Ball Category Extensions and category Red Ball 4v1 on page 1 with leaderboard type 2
Getting run batch for game Red Ball Category Extensions and category Red Ball 4v2 on page 1 with leaderboard type 1
Getting run batch for game Red Ball Category Extensions and category Red Ball 4v3 on page 1 with leaderboard type 1
Getting run batch for game Red Ball Category Extensions and category Red Ball 3 (Mobile) on page 1 with leaderboard type 2
Getting run batch for game Red Ball Category Extensions and category Red Ball 4 (Mobile) on page 1 with leaderboard type 1
Getting run batch for game Red Ball Category Extensions and category Red Ball on page 1 with leaderboard type 1
Getting run batch for game Red Ball Category Extensions and category Red Ball (Mobile) on page 1 with leaderboard type 2
Getting run batch for game Red Ball Category Extensions and category Red Ball 2 on page 1 with leaderboard type 1
Getting run batch for game Red Ball Category Extensions and category Red Ball 3 on page 1 with leaderboard type 1
Getting run batch for game Red Ball Category Extensions and category Red Ball 3 (Mobile) on page 1 with leaderboard type 2
Getting run batch for game Red Ball Category Extensions and category Red Ball 4 Vol.1 on page 1 with leaderboard type 1
Getting run batch for game Red Ball Category Extensions and category Red Ball 4 Vol.3 on page 1 with leaderboard type 1
Getting run batch for game Red Ball Category Extensions and category Red Ball 5 on page 1 with leaderboard type 1
Getting run batch for game Red Ball Category Extensions and category Red and Blue Balls on page 1 with leaderboard type 1
Getting run batch for game Red Ball Category Extensions and category Hacks on page 1 with leaderboard type 1
Getting run batch for game Red and Blue Balls and category 15 Levels on page 2 with leaderboard type 2
Getting run batch for game Red and Blue Balls and category Complete the Level on page 2 with leaderboard type 1
Getting run batch for game Red and Blue Balls 2 and category Any% on page 2 with leaderboard type 2
Getting run batch for game Red and Blue Balls 3 and category Any% on page 2 with leaderboard type 2
Getting run batch for game Red Ball and category 12 Levels on page 2 with leaderboard type 1
Getting run batch for game Red Ball and category 12 Levels on page 3 with leaderboard type 1
Getting run batch for game Red Ball and category 12 Levels on page 4 with leaderboard type 1
Getting run batch for game Red Ball and category 12 Levels on page 5 with leaderboard type 1
Getting run batch for game Red Ball and category 12 Levels on page 6 with leaderboard type 1
Getting run batch for game Red Ball and category 12 Levels on page 7 with leaderboard type 1
Getting run batch for game Red Ball and category 12 Levels on page 8 with leaderboard type 1
Getting run batch for game Red Ball and category 12 Levels on page 9 with leaderboard type 1
Getting run batch for game Red Ball and category 12 Levels on page 10 with leaderboard type 1
Getting run batch for game Red Ball and category 12 Levels on page 11 with leaderboard type 1
Getting run batch for game Red Ball and category 12 Levels on page 12 with leaderboard type 1
Getting run batch for game Red Ball and category 12 Levels on page 13 with leaderboard type 1
Getting run batch for game Red Ball and category 12 Levels on page 14 with leaderboard type 1
Getting run batch for game Red Ball and category 12 Levels on page 15 with leaderboard type 1
Getting run batch for game Red Ball and category 12 Levels on page 16 with leaderboard type 1
Getting run batch for game Red Ball and category 12 Levels on page 17 with leaderboard type 1
Getting run batch for game Red Ball and category 17 Levels on page 2 with leaderboard type 1
Getting run batch for game Red Ball and category Raise the Flag on page 2 with leaderboard type 1
Getting run batch for game Red Ball and category Raise the Flag on page 3 with leaderboard type 1
Getting run batch for game Red Ball and category Raise the Flag on page 4 with leaderboard type 1
Getting run batch for game Red Ball and category Raise the Flag on page 5 with leaderboard type 1
Getting run batch for game Red Ball and category Raise the Flag on page 6 with leaderboard type 1
Getting run batch for game Red Ball and category Raise the Flag on page 7 with leaderboard type 1
Getting run batch for game Red Ball and category Raise the Flag on page 8 with leaderboard type 1
Getting run batch for game Red Ball and category Raise the Flag on page 9 with leaderboard type 1
Getting run batch for game Red Ball and category Raise the Flag on page 10 with leaderboard type 1
Getting run batch for game Red Ball and category Raise the Flag on page 11 with leaderboard type 1
Getting run batch for game Red Ball and category Raise the Flag on page 12 with leaderboard type 1
Getting run batch for game Red Ball 2 and category 20 Levels on page 2 with leaderboard type 2
Getting run batch for game Red Ball 2 and category 20 Levels on page 3 with leaderboard type 2
Getting run batch for game Red Ball 2 and category Raise the Flag on page 2 with leaderboard type 2
Getting run batch for game Red Ball 2 and category Raise the Flag on page 3 with leaderboard type 2
Getting run batch for game Red Ball 2 and category Raise the Flag on page 4 with leaderboard type 2
Getting run batch for game Red Ball 2 and category Raise the Flag on page 5 with leaderboard type 2
Getting run batch for game Red Ball 3 and category Any% on page 2 with leaderboard type 2
Getting run batch for game Red Ball 3 and category Any% on page 3 with leaderboard type 2
Getting run batch for game Red Ball 3 and category Any% on page 4 with leaderboard type 2
Getting run batch for game Red Ball 3 and category Any% on page 5 with leaderboard type 2
Getting run batch for game Red Ball 3 and category Any% on page 2 with leaderboard type 1
Getting run batch for game Red Ball 4 (Mobile) and category Green Hills on page 2 with leaderboard type 2
Getting run batch for game Red Ball 4 (Mobile) and category Green Hills on page 3 with leaderboard type 2
Getting run batch for game Red Ball 4 (Mobile) and category Green Hills on page 4 with leaderboard type 2
Getting run batch for game Red Ball 4 (Mobile) and category Glitchless on page 2 with leaderboard type 1
Getting run batch for game Red Ball 4 (Mobile) and category Glitchless on page 3 with leaderboard type 1
Getting run batch for game Red Ball 4 (Mobile) and category Glitchless on page 4 with leaderboard type 1
Getting run batch for game Red Ball 4 (Mobile) and category Glitchless on page 5 with leaderboard type 1
Getting run batch for game Red Ball 4 (Mobile) and category Glitched on page 2 with leaderboard type 1
Getting run batch for game Red Ball 4 (Mobile) and category Glitched on page 3 with leaderboard type 1
Getting run batch for game Red Ball 4 Vol.1 and category Any% on page 2 with leaderboard type 1
Getting run batch for game Red Ball 4 Vol.1 and category Any% on page 3 with leaderboard type 1
Getting run batch for game Red Ball 4 Vol.1 and category Any% on page 4 with leaderboard type 1
Getting run batch for game Red Ball 4 Vol.1 and category Any% on page 5 with leaderboard type 1
Getting run batch for game Red Ball 4 Vol.1 and category Any% on page 6 with leaderboard type 1
Getting run batch for game Red Ball 4 Vol.1 and category Any% Glitchless on page 2 with leaderboard type 2
Getting run batch for game Red Ball 4 Vol.1 and category Any% Glitchless on page 3 with leaderboard type 2
Getting run batch for game Red Ball 4 Vol.1 and category Any% on page 2 with leaderboard type 1
Getting run batch for game Red Ball 4 Vol.2 and category Any% on page 2 with leaderboard type 2
Getting run batch for game Red Ball 4 Vol.3 and category Any% Glitchless on page 2 with leaderboard type 2
Getting run batch for game Red Ball 4 Vol.3 and category Any% on page 2 with leaderboard type 1
Getting run batch for game Red Ball 5 and category Any% No Level Skip on page 2 with leaderboard type 2
Getting run batch for game Red Ball 5 and category Any% on page 2 with leaderboard type 2
Getting run batch for game Red Ball 5 and category Any% on page 3 with leaderboard type 2
Getting run batch for game Red Ball 5 and category 100% on page 2 with leaderboard type 2
Getting run batch for game Red Ball Category Extensions and category Red Ball on page 2 with leaderboard type 1
Getting run batch for game Red Ball Category Extensions and category Red Ball on page 3 with leaderboard type 1
Getting run batch for game Red Ball Category Extensions and category Red Ball (Mobile) on page 2 with leaderboard type 2
15723
